<?xml version="1.0" encoding="UTF-8"?>
<testsuite xmlns:xsi="http://www.w3.org/2001/XMLSchema-instance" xsi:noNamespaceSchemaLocation="https://maven.apache.org/surefire/maven-surefire-plugin/xsd/surefire-test-report.xsd" name="io.spring.workshop.tradingservice.websocket.EchoWebSocketHandlerTests" time="12.149" tests="1" errors="0" skipped="0" failures="0">
  <properties>
[...]
</properties>
  <testcase name="echo" classname="io.spring.workshop.tradingservice.websocket.EchoWebSocketHandlerTests" time="4.21"/>
</testsuite>